::1 - - [17/May/2023:14:16:12 +0000] "GET /teachers HTTP/1.1" 200 173
::1 - - [17/May/2023:14:16:19 +0000] "POST /teachers HTTP/1.1" 201 24
::1 - - [17/May/2023:14:16:28 +0000] "GET /teachers/99 HTTP/1.1" 200 20
::1 - - [17/May/2023:14:16:34 +0000] "PUT /teachers HTTP/1.1" 200 26
::1 - - [17/May/2023:14:16:40 +0000] "DELETE /teachers HTTP/1.1" 200 26
::1 - - [17/May/2023:14:16:44 +0000] "GET /teachers/supervisors HTTP/1.1" 200 118
::1 - - [17/May/2023:14:16:52 +0000] "GET /child HTTP/1.1" 200 297
::1 - - [17/May/2023:14:17:02 +0000] "GET /child/8 HTTP/1.1" 200 19
::1 - - [17/May/2023:14:17:06 +0000] "GET /child/class/5 HTTP/1.1" 200 21
::1 - - [17/May/2023:14:17:29 +0000] "POST /child HTTP/1.1" 201 22
::1 - - [17/May/2023:14:17:33 +0000] "PUT /child HTTP/1.1" 200 24
::1 - - [17/May/2023:14:17:37 +0000] "DELETE /child HTTP/1.1" 200 24
::1 - - [17/May/2023:14:17:41 +0000] "GET /class HTTP/1.1" 200 75
::1 - - [17/May/2023:14:17:50 +0000] "GET /class/5 HTTP/1.1" 200 19
::1 - - [17/May/2023:14:17:53 +0000] "POST /class HTTP/1.1" 201 22
::1 - - [17/May/2023:14:17:58 +0000] "PUT /class HTTP/1.1" 201 24
::1 - - [17/May/2023:14:18:06 +0000] "DELETE /class HTTP/1.1" 201 24
::1 - - [17/May/2023:14:18:10 +0000] "GET /class/child/5 HTTP/1.1" 200 24
::1 - - [17/May/2023:14:18:16 +0000] "GET /class/teacher/8 HTTP/1.1" 200 26
::1 - - [17/May/2023:14:36:09 +0000] "GET /teachers HTTP/1.1" 200 173
::1 - - [17/May/2023:14:36:17 +0000] "GET /child HTTP/1.1" 200 297
::1 - - [17/May/2023:14:36:23 +0000] "GET /class HTTP/1.1" 200 75
::1 - - [19/May/2023:12:51:35 +0000] "GET /teachers HTTP/1.1" 200 2
::1 - - [19/May/2023:13:03:33 +0000] "POST /teachers HTTP/1.1" 201 24
::1 - - [19/May/2023:13:03:52 +0000] "GET /teachers HTTP/1.1" 200 2
::1 - - [19/May/2023:13:04:32 +0000] "POST /teachers HTTP/1.1" 201 24
::1 - - [19/May/2023:13:05:39 +0000] "POST /teachers HTTP/1.1" 200 111
::1 - - [19/May/2023:13:05:48 +0000] "GET /class HTTP/1.1" 200 75
::1 - - [19/May/2023:13:05:59 +0000] "GET /teachers HTTP/1.1" 200 74
::1 - - [19/May/2023:13:13:14 +0000] "PUT /teachers HTTP/1.1" 200 136
::1 - - [19/May/2023:13:13:53 +0000] "GET /teachers HTTP/1.1" 200 74
::1 - - [19/May/2023:13:14:10 +0000] "PUT /teachers HTTP/1.1" 200 136
::1 - - [19/May/2023:13:14:17 +0000] "GET /teachers HTTP/1.1" 200 71
::1 - - [19/May/2023:13:14:37 +0000] "GET /teachers HTTP/1.1" 200 71
::1 - - [19/May/2023:13:14:41 +0000] "PUT /teachers HTTP/1.1" 201 136
::1 - - [19/May/2023:13:17:29 +0000] "PUT /teachers HTTP/1.1" 201 33
::1 - - [19/May/2023:13:17:51 +0000] "PUT /teachers HTTP/1.1" 201 12
::1 - - [19/May/2023:13:18:27 +0000] "PUT /teachers HTTP/1.1" 201 28
::1 - - [19/May/2023:13:18:31 +0000] "GET /teachers HTTP/1.1" 200 74
::1 - - [19/May/2023:13:23:59 +0000] "GET /teachers/1 HTTP/1.1" 200 72
::1 - - [19/May/2023:13:24:05 +0000] "GET /teachers/2 HTTP/1.1" 200 4
::1 - - [19/May/2023:13:32:52 +0000] "GET /teachers/2 HTTP/1.1" - -
::1 - - [19/May/2023:13:34:19 +0000] "GET /teachers/1 HTTP/1.1" - -
::1 - - [19/May/2023:13:34:22 +0000] "GET /teachers HTTP/1.1" 200 74
::1 - - [19/May/2023:13:35:26 +0000] "GET /teachers HTTP/1.1" 200 74
::1 - - [19/May/2023:13:35:31 +0000] "POST /teachers HTTP/1.1" 200 115
::1 - - [19/May/2023:13:35:35 +0000] "GET /teachers HTTP/1.1" 200 150
::1 - - [19/May/2023:13:36:46 +0000] "GET /teachers HTTP/1.1" 200 150
::1 - - [19/May/2023:13:36:53 +0000] "POST /teachers HTTP/1.1" 200 115
::1 - - [19/May/2023:13:38:14 +0000] "GET /teachers/1 HTTP/1.1" 200 72
::1 - - [19/May/2023:13:38:19 +0000] "GET /teachers/2 HTTP/1.1" 200 75
::1 - - [19/May/2023:13:38:23 +0000] "GET /teachers/3 HTTP/1.1" 200 75
::1 - - [19/May/2023:13:38:28 +0000] "GET /teachers/4 HTTP/1.1" 500 345
::1 - - [19/May/2023:13:39:09 +0000] "GET /teachers/4 HTTP/1.1" 500 345
::1 - - [19/May/2023:13:40:19 +0000] "GET /teachers/4 HTTP/1.1" 500 338
::1 - - [19/May/2023:13:40:49 +0000] "GET /teachers/4 HTTP/1.1" 500 338
::1 - - [19/May/2023:13:41:00 +0000] "GET /teachers/1 HTTP/1.1" 200 72
::1 - - [19/May/2023:13:42:29 +0000] "GET /teachers/5 HTTP/1.1" 500 338
::1 - - [19/May/2023:13:47:07 +0000] "DELETE /teachers HTTP/1.1" 200 3
::1 - - [19/May/2023:13:47:12 +0000] "GET /teachers HTTP/1.1" 200 150
::1 - - [19/May/2023:13:47:24 +0000] "DELETE /teachers HTTP/1.1" 200 3
::1 - - [19/May/2023:13:48:26 +0000] "POST /teachers HTTP/1.1" 500 1294
::1 - - [19/May/2023:13:48:48 +0000] "GET /teachers HTTP/1.1" 200 150
::1 - - [19/May/2023:13:49:00 +0000] "DELETE /teachers HTTP/1.1" 200 3
::1 - - [19/May/2023:13:49:03 +0000] "GET /teachers HTTP/1.1" 200 74
::1 - - [19/May/2023:13:49:11 +0000] "POST /teachers HTTP/1.1" 200 115
::1 - - [19/May/2023:13:49:16 +0000] "GET /teachers HTTP/1.1" 200 150
::1 - - [19/May/2023:13:50:00 +0000] "GET /teachers/supervisors HTTP/1.1" 200 118
::1 - - [19/May/2023:14:04:38 +0000] "GET /child HTTP/1.1" 200 2
::1 - - [19/May/2023:14:11:35 +0000] "POST /child HTTP/1.1" 500 1293
::1 - - [19/May/2023:14:12:46 +0000] "POST /child HTTP/1.1" 200 172
::1 - - [19/May/2023:14:13:03 +0000] "GET /child HTTP/1.1" 200 128
::1 - - [19/May/2023:14:13:24 +0000] "POST /child HTTP/1.1" 200 168
::1 - - [19/May/2023:14:13:28 +0000] "GET /child HTTP/1.1" 200 253
::1 - - [19/May/2023:14:13:59 +0000] "POST /child HTTP/1.1" 200 170
::1 - - [19/May/2023:14:14:02 +0000] "GET /child HTTP/1.1" 200 380
::1 - - [19/May/2023:14:26:53 +0000] "GET /child/1 HTTP/1.1" 200 126
::1 - - [19/May/2023:14:26:59 +0000] "GET /child/2 HTTP/1.1" 200 124
::1 - - [19/May/2023:14:28:03 +0000] "GET /child/5 HTTP/1.1" 500 336
::1 - - [19/May/2023:14:37:18 +0000] "PUT /child HTTP/1.1" 200 135
::1 - - [19/May/2023:14:38:00 +0000] "PUT /child HTTP/1.1" 500 342
::1 - - [19/May/2023:14:38:13 +0000] "PUT /child HTTP/1.1" 500 342
::1 - - [19/May/2023:14:38:22 +0000] "PUT /child HTTP/1.1" 500 342
::1 - - [19/May/2023:14:38:24 +0000] "PUT /child HTTP/1.1" 500 342
::1 - - [19/May/2023:14:38:30 +0000] "PUT /child HTTP/1.1" 500 342
::1 - - [19/May/2023:14:38:54 +0000] "PUT /child HTTP/1.1" 200 29
::1 - - [19/May/2023:14:39:00 +0000] "PUT /child HTTP/1.1" 200 29
::1 - - [19/May/2023:14:39:05 +0000] "GET /child HTTP/1.1" 200 381
::1 - - [19/May/2023:14:39:14 +0000] "PUT /child HTTP/1.1" 200 29
::1 - - [19/May/2023:14:39:17 +0000] "GET /child HTTP/1.1" 200 380
::1 - - [19/May/2023:14:39:49 +0000] "GET /child/3 HTTP/1.1" 200 126
::1 - - [19/May/2023:14:43:52 +0000] "DELETE /child HTTP/1.1" 200 28
::1 - - [19/May/2023:14:43:57 +0000] "GET /child HTTP/1.1" 200 253
::1 - - [19/May/2023:14:44:08 +0000] "DELETE /child HTTP/1.1" 200 28
::1 - - [19/May/2023:14:44:13 +0000] "GET /child HTTP/1.1" 200 253
::1 - - [19/May/2023:14:44:44 +0000] "DELETE /child HTTP/1.1" 200 48
::1 - - [19/May/2023:14:45:19 +0000] "DELETE /child HTTP/1.1" 500 334
::1 - - [19/May/2023:14:45:33 +0000] "POST /child HTTP/1.1" 200 170
::1 - - [19/May/2023:14:45:37 +0000] "GET /child HTTP/1.1" 200 380
::1 - - [19/May/2023:14:45:45 +0000] "DELETE /child HTTP/1.1" 200 48
::1 - - [19/May/2023:14:46:12 +0000] "POST /child HTTP/1.1" 200 170
::1 - - [19/May/2023:14:46:15 +0000] "DELETE /child HTTP/1.1" 200 28
::1 - - [19/May/2023:14:46:23 +0000] "DELETE /child HTTP/1.1" 500 334
::1 - - [19/May/2023:14:46:35 +0000] "POST /child HTTP/1.1" 200 170
::1 - - [19/May/2023:14:46:42 +0000] "GET /child HTTP/1.1" 200 380
::1 - - [19/May/2023:14:46:55 +0000] "DELETE /child HTTP/1.1" 500 334
::1 - - [19/May/2023:14:47:05 +0000] "GET /child HTTP/1.1" 200 380
::1 - - [19/May/2023:15:42:03 +0000] "POST /class HTTP/1.1" 500 342
::1 - - [19/May/2023:15:43:07 +0000] "POST /class HTTP/1.1" 500 342
::1 - - [19/May/2023:15:43:54 +0000] "POST /class HTTP/1.1" 201 22
::1 - - [19/May/2023:15:44:02 +0000] "GET /class HTTP/1.1" 200 75
::1 - - [19/May/2023:15:52:18 +0000] "POST /class HTTP/1.1" 201 22
::1 - - [19/May/2023:15:53:07 +0000] "POST /class HTTP/1.1" 201 22
::1 - - [19/May/2023:15:55:20 +0000] "POST /class HTTP/1.1" 201 22
::1 - - [19/May/2023:15:58:20 +0000] "POST /class HTTP/1.1" 201 22
::1 - - [19/May/2023:16:02:08 +0000] "POST /class HTTP/1.1" 500 356
::1 - - [19/May/2023:16:07:30 +0000] "POST /class HTTP/1.1" 500 356
::1 - - [19/May/2023:16:09:34 +0000] "GET /class HTTP/1.1" 200 2
::1 - - [19/May/2023:16:09:42 +0000] "POST /class HTTP/1.1" 201 22
::1 - - [19/May/2023:16:09:48 +0000] "GET /class HTTP/1.1" 200 74
::1 - - [19/May/2023:16:11:28 +0000] "POST /class HTTP/1.1" 201 22
::1 - - [19/May/2023:16:11:32 +0000] "GET /class HTTP/1.1" 200 152
::1 - - [19/May/2023:16:21:46 +0000] "POST /class HTTP/1.1" 201 22
::1 - - [19/May/2023:16:21:50 +0000] "GET /class HTTP/1.1" 200 227
::1 - - [19/May/2023:16:22:24 +0000] "POST /class HTTP/1.1" 201 22
::1 - - [19/May/2023:16:22:26 +0000] "GET /class HTTP/1.1" 200 298
::1 - - [19/May/2023:16:22:37 +0000] "POST /class HTTP/1.1" 201 22
::1 - - [19/May/2023:16:22:43 +0000] "POST /class HTTP/1.1" 201 22
::1 - - [19/May/2023:16:22:46 +0000] "GET /class HTTP/1.1" 200 440
::1 - - [19/May/2023:16:23:13 +0000] "PUT /class HTTP/1.1" 500 1275
::1 - - [19/May/2023:16:24:02 +0000] "PUT /class HTTP/1.1" 200 24
::1 - - [19/May/2023:16:24:06 +0000] "GET /class HTTP/1.1" 200 445
::1 - - [19/May/2023:16:25:14 +0000] "DELETE /class HTTP/1.1" 200 24
::1 - - [19/May/2023:16:25:19 +0000] "GET /class HTTP/1.1" 200 374
::1 - - [19/May/2023:16:25:30 +0000] "DELETE /class HTTP/1.1" 200 24
::1 - - [19/May/2023:16:25:33 +0000] "GET /class HTTP/1.1" 200 298
::1 - - [19/May/2023:16:28:41 +0000] "GET /class/teacher/8 HTTP/1.1" 200 26
::1 - - [19/May/2023:16:28:44 +0000] "GET /class/child/5 HTTP/1.1" 200 24
::1 - - [19/May/2023:16:31:15 +0000] "GET /class/1 HTTP/1.1" 200 81
::1 - - [19/May/2023:16:31:20 +0000] "GET /class/2 HTTP/1.1" 200 86
::1 - - [19/May/2023:16:31:42 +0000] "GET /class/2 HTTP/1.1" 200 86
::1 - - [19/May/2023:16:31:46 +0000] "GET /class/4 HTTP/1.1" 200 79
::1 - - [19/May/2023:16:32:27 +0000] "GET /class/5 HTTP/1.1" 500 338
::1 - - [19/May/2023:16:33:04 +0000] "GET /class/4 HTTP/1.1" 200 79
::1 - - [19/May/2023:16:48:00 +0000] "GET /teachers/supervisors HTTP/1.1" 500 1381
::1 - - [19/May/2023:16:51:34 +0000] "GET /teachers/supervisors HTTP/1.1" 500 1202
::1 - - [19/May/2023:16:51:50 +0000] "GET /teachers/supervisors HTTP/1.1" 200 298
::1 - - [19/May/2023:16:53:04 +0000] "GET /teachers/supervisors HTTP/1.1" 200 101
::1 - - [19/May/2023:16:53:57 +0000] "GET /teachers/supervisors HTTP/1.1" 500 1381
::1 - - [19/May/2023:16:56:14 +0000] "GET /teachers/supervisors HTTP/1.1" 200 391
::1 - - [19/May/2023:16:57:13 +0000] "GET /teachers/supervisors HTTP/1.1" 500 1298
::1 - - [19/May/2023:16:57:27 +0000] "GET /teachers/supervisors HTTP/1.1" 500 1298
::1 - - [19/May/2023:16:57:57 +0000] "GET /teachers/supervisors HTTP/1.1" 200 203
::1 - - [19/May/2023:16:58:26 +0000] "GET /teachers/supervisors HTTP/1.1" 200 292
::1 - - [19/May/2023:17:04:43 +0000] "GET /child/class/1 HTTP/1.1" 200 2
::1 - - [19/May/2023:17:06:08 +0000] "GET /child/class/1 HTTP/1.1" 200 2
::1 - - [19/May/2023:17:06:29 +0000] "GET /child/class/1 HTTP/1.1" 200 128
::1 - - [19/May/2023:17:07:48 +0000] "GET /child/class/1 HTTP/1.1" 200 39
::1 - - [19/May/2023:17:14:39 +0000] "GET /child/class/1 HTTP/1.1" 500 1200
::1 - - [19/May/2023:17:18:11 +0000] "GET /child/class/1 HTTP/1.1" 200 2
::1 - - [19/May/2023:17:24:02 +0000] "GET /child/class/1 HTTP/1.1" 200 4
::1 - - [19/May/2023:17:33:58 +0000] "GET /class/teacher/1 HTTP/1.1" 500 1159
::1 - - [19/May/2023:17:34:56 +0000] "GET /class/teacher/1 HTTP/1.1" 200 81
::1 - - [19/May/2023:17:35:17 +0000] "GET /class/teacher/1 HTTP/1.1" 200 158
::1 - - [19/May/2023:17:36:30 +0000] "GET /class/teacher/1 HTTP/1.1" 500 1381
::1 - - [19/May/2023:17:36:49 +0000] "GET /class/teacher/1 HTTP/1.1" 200 300
::1 - - [19/May/2023:17:39:03 +0000] "GET /class/teacher/1 HTTP/1.1" 500 1314
::1 - - [19/May/2023:17:40:08 +0000] "GET /class/teacher/1 HTTP/1.1" 500 1314
::1 - - [19/May/2023:17:40:10 +0000] "GET /class/teacher/1 HTTP/1.1" 500 1314
::1 - - [19/May/2023:17:42:14 +0000] "GET /class/teacher/1 HTTP/1.1" 200 208
::1 - - [19/May/2023:17:43:16 +0000] "GET /class/teacher/1 HTTP/1.1" 200 202
::1 - - [19/May/2023:17:43:37 +0000] "GET /class/teacher/2 HTTP/1.1" 200 208
::1 - - [19/May/2023:17:43:46 +0000] "GET /class/teacher/3 HTTP/1.1" 200 11
::1 - - [19/May/2023:17:44:28 +0000] "GET /class/teacher/3 HTTP/1.1" 200 11
::1 - - [19/May/2023:17:44:33 +0000] "GET /class/teacher/1 HTTP/1.1" 200 60
::1 - - [19/May/2023:17:44:59 +0000] "GET /class/teacher/3 HTTP/1.1" 200 11
::1 - - [19/May/2023:17:45:23 +0000] "GET /class/teacher/3 HTTP/1.1" 500 338
::1 - - [19/May/2023:17:46:15 +0000] "GET /class/teacher/3 HTTP/1.1" 500 340
::1 - - [19/May/2023:17:46:19 +0000] "GET /class/teacher/1 HTTP/1.1" 200 202
::1 - - [19/May/2023:17:51:13 +0000] "GET /class/child/4 HTTP/1.1" 500 376
::1 - - [19/May/2023:17:51:56 +0000] "GET /class/child/4 HTTP/1.1" 500 340
::1 - - [19/May/2023:17:52:12 +0000] "GET /class/child/4 HTTP/1.1" 200 79
::1 - - [19/May/2023:17:53:19 +0000] "GET /class/child/4 HTTP/1.1" 500 1361
::1 - - [19/May/2023:17:53:39 +0000] "GET /class/child/4 HTTP/1.1" 200 452
::1 - - [19/May/2023:17:54:29 +0000] "GET /class/child/4 HTTP/1.1" 200 410
::1 - - [19/May/2023:17:55:10 +0000] "GET /class/child/4 HTTP/1.1" 200 429
::1 - - [19/May/2023:17:55:23 +0000] "GET /class/child/1 HTTP/1.1" 200 431
::1 - - [19/May/2023:17:55:31 +0000] "GET /class/child/5 HTTP/1.1" 500 338
::1 - - [19/May/2023:18:01:36 +0000] "GET /teachers/supervisors HTTP/1.1" 200 292
::1 - - [19/May/2023:18:01:54 +0000] "GET /child/class/1 HTTP/1.1" 200 4
::1 - - [19/May/2023:18:22:39 +0000] "GET /child/class/1 HTTP/1.1" 500 1200
::1 - - [19/May/2023:18:30:19 +0000] "GET /child/class/1 HTTP/1.1" 500 1276
::1 - - [19/May/2023:18:30:40 +0000] "GET /child/class/1 HTTP/1.1" 500 1276
::1 - - [19/May/2023:18:31:37 +0000] "GET /child/class/1 HTTP/1.1" 500 1156
::1 - - [19/May/2023:18:32:57 +0000] "GET /child/class/1 HTTP/1.1" 404 59
::1 - - [19/May/2023:18:33:03 +0000] "GET /child/class/2 HTTP/1.1" 404 59
::1 - - [19/May/2023:18:33:08 +0000] "GET /child/class/50 HTTP/1.1" 404 59
::1 - - [19/May/2023:18:33:42 +0000] "POST /child HTTP/1.1" 200 170
::1 - - [19/May/2023:18:33:52 +0000] "GET /child/class/50 HTTP/1.1" 404 59
::1 - - [19/May/2023:18:34:03 +0000] "GET /child/class/4 HTTP/1.1" 404 59
::1 - - [19/May/2023:18:34:17 +0000] "DELETE /child HTTP/1.1" 200 28
::1 - - [19/May/2023:18:34:23 +0000] "GET /child HTTP/1.1" 200 380
::1 - - [20/May/2023:12:04:10 +0000] "GET /teachers HTTP/1.1" 200 150
::1 - - [20/May/2023:12:04:37 +0000] "POST /teachers HTTP/1.1" 200 115
::1 - - [20/May/2023:12:05:27 +0000] "POST /teachers HTTP/1.1" 200 119
::1 - - [20/May/2023:12:05:32 +0000] "GET /teachers HTTP/1.1" 200 305
::1 - - [20/May/2023:12:08:05 +0000] "GET /teachers HTTP/1.1" 200 2
::1 - - [20/May/2023:12:08:16 +0000] "POST /teachers HTTP/1.1" 200 145
::1 - - [20/May/2023:12:08:37 +0000] "POST /teachers HTTP/1.1" 200 135
::1 - - [20/May/2023:12:08:55 +0000] "POST /teachers HTTP/1.1" 200 140
::1 - - [20/May/2023:12:09:16 +0000] "POST /teachers HTTP/1.1" 200 140
::1 - - [20/May/2023:12:09:19 +0000] "GET /teachers HTTP/1.1" 200 405
::1 - - [20/May/2023:12:09:29 +0000] "GET /teachers/5 HTTP/1.1" 500 338
::1 - - [20/May/2023:12:09:37 +0000] "GET /teachers/1 HTTP/1.1" 200 104
::1 - - [20/May/2023:12:09:41 +0000] "GET /teachers/2 HTTP/1.1" 200 96
::1 - - [20/May/2023:12:09:57 +0000] "PUT /teachers HTTP/1.1" 201 28
::1 - - [20/May/2023:12:10:10 +0000] "GET /teachers/1 HTTP/1.1" 200 105
::1 - - [20/May/2023:12:10:35 +0000] "POST /teachers HTTP/1.1" 200 140
::1 - - [20/May/2023:12:10:43 +0000] "DELETE /teachers HTTP/1.1" 200 18
::1 - - [20/May/2023:12:10:58 +0000] "GET /teachers/supervisors HTTP/1.1" 200 294
::1 - - [20/May/2023:12:11:42 +0000] "GET /teachers/supervisors HTTP/1.1" 200 294
::1 - - [20/May/2023:12:12:13 +0000] "GET /class HTTP/1.1" 200 298
::1 - - [20/May/2023:12:12:23 +0000] "GET /child HTTP/1.1" 200 380
::1 - - [20/May/2023:12:16:00 +0000] "GET /child HTTP/1.1" 200 380
::1 - - [20/May/2023:12:16:30 +0000] "POST /child HTTP/1.1" 200 170
::1 - - [20/May/2023:12:16:37 +0000] "GET /child HTTP/1.1" 200 506
::1 - - [20/May/2023:12:17:18 +0000] "POST /child HTTP/1.1" 200 172
::1 - - [20/May/2023:12:17:43 +0000] "GET /child HTTP/1.1" 200 633
::1 - - [20/May/2023:12:18:19 +0000] "POST /child HTTP/1.1" 200 166
::1 - - [20/May/2023:12:18:44 +0000] "POST /child HTTP/1.1" 200 166
::1 - - [20/May/2023:12:19:46 +0000] "POST /child HTTP/1.1" 200 170
::1 - - [20/May/2023:12:20:01 +0000] "POST /child HTTP/1.1" 200 166
::1 - - [20/May/2023:12:20:33 +0000] "GET /child HTTP/1.1" 200 1133
::1 - - [20/May/2023:12:21:01 +0000] "DELETE /child HTTP/1.1" 200 28
::1 - - [20/May/2023:12:21:07 +0000] "GET /child HTTP/1.1" 200 1008
::1 - - [20/May/2023:12:21:14 +0000] "POST /child HTTP/1.1" 200 166
::1 - - [20/May/2023:12:21:19 +0000] "GET /child HTTP/1.1" 200 1133
::1 - - [20/May/2023:12:21:52 +0000] "PUT /child HTTP/1.1" 200 29
::1 - - [20/May/2023:12:21:58 +0000] "GET /child HTTP/1.1" 200 1133
::1 - - [20/May/2023:12:22:13 +0000] "GET /child/1 HTTP/1.1" 200 126
::1 - - [20/May/2023:12:22:20 +0000] "GET /child/5 HTTP/1.1" 200 126
::1 - - [20/May/2023:12:22:30 +0000] "GET /child/8 HTTP/1.1" 200 126
::1 - - [20/May/2023:12:22:43 +0000] "GET /child/class/1 HTTP/1.1" 500 1156
::1 - - [20/May/2023:12:23:12 +0000] "GET /class HTTP/1.1" 200 247
::1 - - [20/May/2023:12:23:25 +0000] "GET /class/1 HTTP/1.1" 200 87
::1 - - [20/May/2023:12:24:28 +0000] "GET /class/1 HTTP/1.1" 200 461
::1 - - [20/May/2023:12:24:52 +0000] "POST /class HTTP/1.1" 201 22
::1 - - [20/May/2023:12:24:57 +0000] "GET /class HTTP/1.1" 200 318
::1 - - [20/May/2023:12:25:18 +0000] "PUT /class HTTP/1.1" 200 24
::1 - - [20/May/2023:12:25:23 +0000] "GET /class HTTP/1.1" 200 314
::1 - - [20/May/2023:12:25:35 +0000] "DELETE /class HTTP/1.1" 200 24
::1 - - [20/May/2023:12:25:39 +0000] "GET /class HTTP/1.1" 200 247
::1 - - [20/May/2023:12:25:56 +0000] "GET /class/child/1 HTTP/1.1" 200 438
::1 - - [20/May/2023:12:26:14 +0000] "GET /class/teacher/1 HTTP/1.1" 200 139
::1 - - [20/May/2023:12:26:52 +0000] "GET /class/teacher/1 HTTP/1.1" 200 166
::1 - - [20/May/2023:12:27:07 +0000] "GET /class/teacher/2 HTTP/1.1" 200 162
::1 - - [20/May/2023:12:27:13 +0000] "GET /class/teacher/3 HTTP/1.1" 200 165
::1 - - [20/May/2023:12:27:21 +0000] "GET /teachers HTTP/1.1" 200 406
::1 - - [20/May/2023:12:27:29 +0000] "GET /class HTTP/1.1" 200 247
::1 - - [20/May/2023:12:27:40 +0000] "GET /teachers HTTP/1.1" 200 406
::1 - - [20/May/2023:12:27:48 +0000] "DELETE /teachers HTTP/1.1" 200 18
::1 - - [20/May/2023:12:27:52 +0000] "GET /teachers HTTP/1.1" 200 305
::1 - - [20/May/2023:12:28:02 +0000] "GET /class/teacher/3 HTTP/1.1" 200 165
::1 - - [20/May/2023:12:28:07 +0000] "GET /class/teacher/1 HTTP/1.1" 200 166
::1 - - [20/May/2023:13:03:43 +0000] "POST /child HTTP/1.1" 500 1287
::1 - - [20/May/2023:13:04:46 +0000] "POST /child HTTP/1.1" 200 175
::1 - - [20/May/2023:13:06:08 +0000] "GET /class/child/1 HTTP/1.1" 200 572
::1 - - [20/May/2023:13:06:39 +0000] "GET /child/class/1 HTTP/1.1" 404 59
::1 - - [20/May/2023:13:07:55 +0000] "GET /child/class/1 HTTP/1.1" 200 128
::1 - - [20/May/2023:13:08:11 +0000] "GET /child/class/10 HTTP/1.1" 200 215
::1 - - [20/May/2023:13:09:28 +0000] "GET /child/class/10 HTTP/1.1" 500 1304
::1 - - [20/May/2023:13:09:59 +0000] "GET /child/class/10 HTTP/1.1" 500 1304
::1 - - [20/May/2023:13:10:39 +0000] "GET /child/class/10 HTTP/1.1" 500 1304
::1 - - [20/May/2023:13:11:38 +0000] "GET /child/class/10 HTTP/1.1" 200 102
::1 - - [20/May/2023:13:13:25 +0000] "GET /child/class/10 HTTP/1.1" 500 1286
::1 - - [20/May/2023:13:13:54 +0000] "GET /child/class/10 HTTP/1.1" 500 1205
::1 - - [20/May/2023:13:15:52 +0000] "GET /child/class/9 HTTP/1.1" 200 126
::1 - - [20/May/2023:13:20:16 +0000] "GET /child/class/1 HTTP/1.1" 200 129
::1 - - [20/May/2023:13:21:43 +0000] "GET /child/1 HTTP/1.1" 200 136
::1 - - [20/May/2023:13:58:56 +0000] "DELETE /child HTTP/1.1" 200 28
::1 - - [20/May/2023:13:59:02 +0000] "GET /child HTTP/1.1" 200 1223
::1 - - [20/May/2023:14:15:45 +0000] "GET /teachers HTTP/1.1" 200 305
::1 - - [20/May/2023:14:16:04 +0000] "GET /class HTTP/1.1" 200 250
::1 - - [22/May/2023:13:59:05 +0000] "GET /class HTTP/1.1" 200 250
::1 - - [22/May/2023:14:00:15 +0000] "GET /teachers HTTP/1.1" 200 305
::1 - - [22/May/2023:15:01:14 +0000] "POST /class HTTP/1.1" 201 22
::1 - - [22/May/2023:15:51:50 +0000] "GET /child/class/1 HTTP/1.1" 200 129
