Status ==> [200], Response Time ==> [5.768 ms], Date & Time ==> [Wed, 17 May 2023 14:16:12 GMT], Method ==> [GET], Url ==> [/teachers] 
Status ==> [201], Response Time ==> [300.824 ms], Date & Time ==> [Wed, 17 May 2023 14:16:19 GMT], Method ==> [POST], Url ==> [/teachers] 
Status ==> [200], Response Time ==> [0.868 ms], Date & Time ==> [Wed, 17 May 2023 14:16:28 GMT], Method ==> [GET], Url ==> [/teachers/99] 
Status ==> [200], Response Time ==> [1.131 ms], Date & Time ==> [Wed, 17 May 2023 14:16:34 GMT], Method ==> [PUT], Url ==> [/teachers] 
Status ==> [200], Response Time ==> [8.173 ms], Date & Time ==> [Wed, 17 May 2023 14:16:40 GMT], Method ==> [DELETE], Url ==> [/teachers] 
Status ==> [200], Response Time ==> [0.868 ms], Date & Time ==> [Wed, 17 May 2023 14:16:44 GMT], Method ==> [GET], Url ==> [/teachers/supervisors] 
Status ==> [200], Response Time ==> [1.137 ms], Date & Time ==> [Wed, 17 May 2023 14:16:52 GMT], Method ==> [GET], Url ==> [/child] 
Status ==> [200], Response Time ==> [0.800 ms], Date & Time ==> [Wed, 17 May 2023 14:17:02 GMT], Method ==> [GET], Url ==> [/child/8] 
Status ==> [200], Response Time ==> [0.703 ms], Date & Time ==> [Wed, 17 May 2023 14:17:06 GMT], Method ==> [GET], Url ==> [/child/class/5] 
Status ==> [201], Response Time ==> [0.628 ms], Date & Time ==> [Wed, 17 May 2023 14:17:29 GMT], Method ==> [POST], Url ==> [/child] 
Status ==> [200], Response Time ==> [0.877 ms], Date & Time ==> [Wed, 17 May 2023 14:17:33 GMT], Method ==> [PUT], Url ==> [/child] 
Status ==> [200], Response Time ==> [0.680 ms], Date & Time ==> [Wed, 17 May 2023 14:17:37 GMT], Method ==> [DELETE], Url ==> [/child] 
Status ==> [200], Response Time ==> [0.874 ms], Date & Time ==> [Wed, 17 May 2023 14:17:41 GMT], Method ==> [GET], Url ==> [/class] 
Status ==> [200], Response Time ==> [1.240 ms], Date & Time ==> [Wed, 17 May 2023 14:17:50 GMT], Method ==> [GET], Url ==> [/class/5] 
Status ==> [201], Response Time ==> [1.768 ms], Date & Time ==> [Wed, 17 May 2023 14:17:53 GMT], Method ==> [POST], Url ==> [/class] 
Status ==> [201], Response Time ==> [0.610 ms], Date & Time ==> [Wed, 17 May 2023 14:17:58 GMT], Method ==> [PUT], Url ==> [/class] 
Status ==> [201], Response Time ==> [0.952 ms], Date & Time ==> [Wed, 17 May 2023 14:18:06 GMT], Method ==> [DELETE], Url ==> [/class] 
Status ==> [200], Response Time ==> [0.874 ms], Date & Time ==> [Wed, 17 May 2023 14:18:10 GMT], Method ==> [GET], Url ==> [/class/child/5] 
Status ==> [200], Response Time ==> [0.594 ms], Date & Time ==> [Wed, 17 May 2023 14:18:16 GMT], Method ==> [GET], Url ==> [/class/teacher/8] 
Status ==> [200], Response Time ==> [6.224 ms], Date & Time ==> [Wed, 17 May 2023 14:36:09 GMT], Method ==> [GET], Url ==> [/teachers] 
Status ==> [200], Response Time ==> [1.679 ms], Date & Time ==> [Wed, 17 May 2023 14:36:17 GMT], Method ==> [GET], Url ==> [/child] 
Status ==> [200], Response Time ==> [1.100 ms], Date & Time ==> [Wed, 17 May 2023 14:36:23 GMT], Method ==> [GET], Url ==> [/class] 
Status ==> [200], Response Time ==> [18.900 ms], Date & Time ==> [Fri, 19 May 2023 12:51:35 GMT], Method ==> [GET], Url ==> [/teachers] 
Status ==> [201], Response Time ==> [325.226 ms], Date & Time ==> [Fri, 19 May 2023 13:03:33 GMT], Method ==> [POST], Url ==> [/teachers] 
Status ==> [200], Response Time ==> [12.123 ms], Date & Time ==> [Fri, 19 May 2023 13:03:52 GMT], Method ==> [GET], Url ==> [/teachers] 
Status ==> [201], Response Time ==> [18.786 ms], Date & Time ==> [Fri, 19 May 2023 13:04:32 GMT], Method ==> [POST], Url ==> [/teachers] 
Status ==> [200], Response Time ==> [48.916 ms], Date & Time ==> [Fri, 19 May 2023 13:05:39 GMT], Method ==> [POST], Url ==> [/teachers] 
Status ==> [200], Response Time ==> [1.109 ms], Date & Time ==> [Fri, 19 May 2023 13:05:48 GMT], Method ==> [GET], Url ==> [/class] 
Status ==> [200], Response Time ==> [23.188 ms], Date & Time ==> [Fri, 19 May 2023 13:05:59 GMT], Method ==> [GET], Url ==> [/teachers] 
Status ==> [200], Response Time ==> [222.841 ms], Date & Time ==> [Fri, 19 May 2023 13:13:14 GMT], Method ==> [PUT], Url ==> [/teachers] 
Status ==> [200], Response Time ==> [11.287 ms], Date & Time ==> [Fri, 19 May 2023 13:13:53 GMT], Method ==> [GET], Url ==> [/teachers] 
Status ==> [200], Response Time ==> [11.434 ms], Date & Time ==> [Fri, 19 May 2023 13:14:10 GMT], Method ==> [PUT], Url ==> [/teachers] 
Status ==> [200], Response Time ==> [2.822 ms], Date & Time ==> [Fri, 19 May 2023 13:14:17 GMT], Method ==> [GET], Url ==> [/teachers] 
Status ==> [200], Response Time ==> [30.805 ms], Date & Time ==> [Fri, 19 May 2023 13:14:37 GMT], Method ==> [GET], Url ==> [/teachers] 
Status ==> [201], Response Time ==> [24.771 ms], Date & Time ==> [Fri, 19 May 2023 13:14:41 GMT], Method ==> [PUT], Url ==> [/teachers] 
Status ==> [201], Response Time ==> [30.950 ms], Date & Time ==> [Fri, 19 May 2023 13:17:29 GMT], Method ==> [PUT], Url ==> [/teachers] 
Status ==> [201], Response Time ==> [34.022 ms], Date & Time ==> [Fri, 19 May 2023 13:17:51 GMT], Method ==> [PUT], Url ==> [/teachers] 
Status ==> [201], Response Time ==> [38.435 ms], Date & Time ==> [Fri, 19 May 2023 13:18:27 GMT], Method ==> [PUT], Url ==> [/teachers] 
Status ==> [200], Response Time ==> [8.652 ms], Date & Time ==> [Fri, 19 May 2023 13:18:31 GMT], Method ==> [GET], Url ==> [/teachers] 
Status ==> [200], Response Time ==> [30.501 ms], Date & Time ==> [Fri, 19 May 2023 13:23:59 GMT], Method ==> [GET], Url ==> [/teachers/1] 
Status ==> [200], Response Time ==> [8.522 ms], Date & Time ==> [Fri, 19 May 2023 13:24:05 GMT], Method ==> [GET], Url ==> [/teachers/2] 
Status ==> [-], Response Time ==> [- ms], Date & Time ==> [Fri, 19 May 2023 13:32:52 GMT], Method ==> [GET], Url ==> [/teachers/2] 
Status ==> [-], Response Time ==> [- ms], Date & Time ==> [Fri, 19 May 2023 13:34:19 GMT], Method ==> [GET], Url ==> [/teachers/1] 
Status ==> [200], Response Time ==> [19.978 ms], Date & Time ==> [Fri, 19 May 2023 13:34:22 GMT], Method ==> [GET], Url ==> [/teachers] 
Status ==> [200], Response Time ==> [21.514 ms], Date & Time ==> [Fri, 19 May 2023 13:35:26 GMT], Method ==> [GET], Url ==> [/teachers] 
Status ==> [200], Response Time ==> [31.227 ms], Date & Time ==> [Fri, 19 May 2023 13:35:31 GMT], Method ==> [POST], Url ==> [/teachers] 
Status ==> [200], Response Time ==> [5.234 ms], Date & Time ==> [Fri, 19 May 2023 13:35:35 GMT], Method ==> [GET], Url ==> [/teachers] 
Status ==> [200], Response Time ==> [11.694 ms], Date & Time ==> [Fri, 19 May 2023 13:36:46 GMT], Method ==> [GET], Url ==> [/teachers] 
Status ==> [200], Response Time ==> [30.498 ms], Date & Time ==> [Fri, 19 May 2023 13:36:53 GMT], Method ==> [POST], Url ==> [/teachers] 
Status ==> [200], Response Time ==> [33.212 ms], Date & Time ==> [Fri, 19 May 2023 13:38:14 GMT], Method ==> [GET], Url ==> [/teachers/1] 
Status ==> [200], Response Time ==> [4.538 ms], Date & Time ==> [Fri, 19 May 2023 13:38:19 GMT], Method ==> [GET], Url ==> [/teachers/2] 
Status ==> [200], Response Time ==> [6.478 ms], Date & Time ==> [Fri, 19 May 2023 13:38:23 GMT], Method ==> [GET], Url ==> [/teachers/3] 
Status ==> [500], Response Time ==> [7.736 ms], Date & Time ==> [Fri, 19 May 2023 13:38:28 GMT], Method ==> [GET], Url ==> [/teachers/4] 
Status ==> [500], Response Time ==> [15.435 ms], Date & Time ==> [Fri, 19 May 2023 13:39:09 GMT], Method ==> [GET], Url ==> [/teachers/4] 
Status ==> [500], Response Time ==> [16.290 ms], Date & Time ==> [Fri, 19 May 2023 13:40:19 GMT], Method ==> [GET], Url ==> [/teachers/4] 
Status ==> [500], Response Time ==> [15.094 ms], Date & Time ==> [Fri, 19 May 2023 13:40:49 GMT], Method ==> [GET], Url ==> [/teachers/4] 
Status ==> [200], Response Time ==> [11.618 ms], Date & Time ==> [Fri, 19 May 2023 13:41:00 GMT], Method ==> [GET], Url ==> [/teachers/1] 
Status ==> [500], Response Time ==> [3.216 ms], Date & Time ==> [Fri, 19 May 2023 13:42:29 GMT], Method ==> [GET], Url ==> [/teachers/5] 
Status ==> [200], Response Time ==> [35.539 ms], Date & Time ==> [Fri, 19 May 2023 13:47:07 GMT], Method ==> [DELETE], Url ==> [/teachers] 
Status ==> [200], Response Time ==> [23.918 ms], Date & Time ==> [Fri, 19 May 2023 13:47:12 GMT], Method ==> [GET], Url ==> [/teachers] 
Status ==> [200], Response Time ==> [3.548 ms], Date & Time ==> [Fri, 19 May 2023 13:47:24 GMT], Method ==> [DELETE], Url ==> [/teachers] 
Status ==> [500], Response Time ==> [58.761 ms], Date & Time ==> [Fri, 19 May 2023 13:48:26 GMT], Method ==> [POST], Url ==> [/teachers] 
Status ==> [200], Response Time ==> [15.433 ms], Date & Time ==> [Fri, 19 May 2023 13:48:48 GMT], Method ==> [GET], Url ==> [/teachers] 
Status ==> [200], Response Time ==> [5.890 ms], Date & Time ==> [Fri, 19 May 2023 13:49:00 GMT], Method ==> [DELETE], Url ==> [/teachers] 
Status ==> [200], Response Time ==> [5.180 ms], Date & Time ==> [Fri, 19 May 2023 13:49:03 GMT], Method ==> [GET], Url ==> [/teachers] 
Status ==> [200], Response Time ==> [5.558 ms], Date & Time ==> [Fri, 19 May 2023 13:49:11 GMT], Method ==> [POST], Url ==> [/teachers] 
Status ==> [200], Response Time ==> [10.769 ms], Date & Time ==> [Fri, 19 May 2023 13:49:16 GMT], Method ==> [GET], Url ==> [/teachers] 
Status ==> [200], Response Time ==> [5.499 ms], Date & Time ==> [Fri, 19 May 2023 13:50:00 GMT], Method ==> [GET], Url ==> [/teachers/supervisors] 
Status ==> [200], Response Time ==> [36.665 ms], Date & Time ==> [Fri, 19 May 2023 14:04:38 GMT], Method ==> [GET], Url ==> [/child] 
Status ==> [500], Response Time ==> [310.176 ms], Date & Time ==> [Fri, 19 May 2023 14:11:35 GMT], Method ==> [POST], Url ==> [/child] 
Status ==> [200], Response Time ==> [58.469 ms], Date & Time ==> [Fri, 19 May 2023 14:12:46 GMT], Method ==> [POST], Url ==> [/child] 
Status ==> [200], Response Time ==> [20.320 ms], Date & Time ==> [Fri, 19 May 2023 14:13:03 GMT], Method ==> [GET], Url ==> [/child] 
Status ==> [200], Response Time ==> [7.334 ms], Date & Time ==> [Fri, 19 May 2023 14:13:24 GMT], Method ==> [POST], Url ==> [/child] 
Status ==> [200], Response Time ==> [8.122 ms], Date & Time ==> [Fri, 19 May 2023 14:13:28 GMT], Method ==> [GET], Url ==> [/child] 
Status ==> [200], Response Time ==> [5.035 ms], Date & Time ==> [Fri, 19 May 2023 14:13:59 GMT], Method ==> [POST], Url ==> [/child] 
Status ==> [200], Response Time ==> [7.215 ms], Date & Time ==> [Fri, 19 May 2023 14:14:02 GMT], Method ==> [GET], Url ==> [/child] 
Status ==> [200], Response Time ==> [23.046 ms], Date & Time ==> [Fri, 19 May 2023 14:26:53 GMT], Method ==> [GET], Url ==> [/child/1] 
Status ==> [200], Response Time ==> [7.938 ms], Date & Time ==> [Fri, 19 May 2023 14:26:59 GMT], Method ==> [GET], Url ==> [/child/2] 
Status ==> [500], Response Time ==> [17.049 ms], Date & Time ==> [Fri, 19 May 2023 14:28:03 GMT], Method ==> [GET], Url ==> [/child/5] 
Status ==> [200], Response Time ==> [217.813 ms], Date & Time ==> [Fri, 19 May 2023 14:37:18 GMT], Method ==> [PUT], Url ==> [/child] 
Status ==> [500], Response Time ==> [41.970 ms], Date & Time ==> [Fri, 19 May 2023 14:38:00 GMT], Method ==> [PUT], Url ==> [/child] 
Status ==> [500], Response Time ==> [31.983 ms], Date & Time ==> [Fri, 19 May 2023 14:38:13 GMT], Method ==> [PUT], Url ==> [/child] 
Status ==> [500], Response Time ==> [34.777 ms], Date & Time ==> [Fri, 19 May 2023 14:38:22 GMT], Method ==> [PUT], Url ==> [/child] 
Status ==> [500], Response Time ==> [5.034 ms], Date & Time ==> [Fri, 19 May 2023 14:38:24 GMT], Method ==> [PUT], Url ==> [/child] 
Status ==> [500], Response Time ==> [6.370 ms], Date & Time ==> [Fri, 19 May 2023 14:38:30 GMT], Method ==> [PUT], Url ==> [/child] 
Status ==> [200], Response Time ==> [38.279 ms], Date & Time ==> [Fri, 19 May 2023 14:38:54 GMT], Method ==> [PUT], Url ==> [/child] 
Status ==> [200], Response Time ==> [7.139 ms], Date & Time ==> [Fri, 19 May 2023 14:39:00 GMT], Method ==> [PUT], Url ==> [/child] 
Status ==> [200], Response Time ==> [13.794 ms], Date & Time ==> [Fri, 19 May 2023 14:39:05 GMT], Method ==> [GET], Url ==> [/child] 
Status ==> [200], Response Time ==> [3.261 ms], Date & Time ==> [Fri, 19 May 2023 14:39:14 GMT], Method ==> [PUT], Url ==> [/child] 
Status ==> [200], Response Time ==> [10.874 ms], Date & Time ==> [Fri, 19 May 2023 14:39:17 GMT], Method ==> [GET], Url ==> [/child] 
Status ==> [200], Response Time ==> [5.216 ms], Date & Time ==> [Fri, 19 May 2023 14:39:49 GMT], Method ==> [GET], Url ==> [/child/3] 
Status ==> [200], Response Time ==> [36.252 ms], Date & Time ==> [Fri, 19 May 2023 14:43:52 GMT], Method ==> [DELETE], Url ==> [/child] 
Status ==> [200], Response Time ==> [24.146 ms], Date & Time ==> [Fri, 19 May 2023 14:43:57 GMT], Method ==> [GET], Url ==> [/child] 
Status ==> [200], Response Time ==> [4.185 ms], Date & Time ==> [Fri, 19 May 2023 14:44:08 GMT], Method ==> [DELETE], Url ==> [/child] 
Status ==> [200], Response Time ==> [11.434 ms], Date & Time ==> [Fri, 19 May 2023 14:44:13 GMT], Method ==> [GET], Url ==> [/child] 
Status ==> [200], Response Time ==> [34.960 ms], Date & Time ==> [Fri, 19 May 2023 14:44:44 GMT], Method ==> [DELETE], Url ==> [/child] 
Status ==> [500], Response Time ==> [45.851 ms], Date & Time ==> [Fri, 19 May 2023 14:45:19 GMT], Method ==> [DELETE], Url ==> [/child] 
Status ==> [200], Response Time ==> [23.992 ms], Date & Time ==> [Fri, 19 May 2023 14:45:33 GMT], Method ==> [POST], Url ==> [/child] 
Status ==> [200], Response Time ==> [13.090 ms], Date & Time ==> [Fri, 19 May 2023 14:45:37 GMT], Method ==> [GET], Url ==> [/child] 
Status ==> [200], Response Time ==> [2.911 ms], Date & Time ==> [Fri, 19 May 2023 14:45:45 GMT], Method ==> [DELETE], Url ==> [/child] 
Status ==> [200], Response Time ==> [49.415 ms], Date & Time ==> [Fri, 19 May 2023 14:46:12 GMT], Method ==> [POST], Url ==> [/child] 
Status ==> [200], Response Time ==> [16.270 ms], Date & Time ==> [Fri, 19 May 2023 14:46:15 GMT], Method ==> [DELETE], Url ==> [/child] 
Status ==> [500], Response Time ==> [10.303 ms], Date & Time ==> [Fri, 19 May 2023 14:46:23 GMT], Method ==> [DELETE], Url ==> [/child] 
Status ==> [200], Response Time ==> [7.409 ms], Date & Time ==> [Fri, 19 May 2023 14:46:35 GMT], Method ==> [POST], Url ==> [/child] 
Status ==> [200], Response Time ==> [11.081 ms], Date & Time ==> [Fri, 19 May 2023 14:46:42 GMT], Method ==> [GET], Url ==> [/child] 
Status ==> [500], Response Time ==> [6.440 ms], Date & Time ==> [Fri, 19 May 2023 14:46:55 GMT], Method ==> [DELETE], Url ==> [/child] 
Status ==> [200], Response Time ==> [8.814 ms], Date & Time ==> [Fri, 19 May 2023 14:47:05 GMT], Method ==> [GET], Url ==> [/child] 
Status ==> [500], Response Time ==> [235.348 ms], Date & Time ==> [Fri, 19 May 2023 15:42:03 GMT], Method ==> [POST], Url ==> [/class] 
Status ==> [500], Response Time ==> [68.299 ms], Date & Time ==> [Fri, 19 May 2023 15:43:07 GMT], Method ==> [POST], Url ==> [/class] 
Status ==> [201], Response Time ==> [45.638 ms], Date & Time ==> [Fri, 19 May 2023 15:43:54 GMT], Method ==> [POST], Url ==> [/class] 
Status ==> [200], Response Time ==> [0.906 ms], Date & Time ==> [Fri, 19 May 2023 15:44:02 GMT], Method ==> [GET], Url ==> [/class] 
Status ==> [201], Response Time ==> [216.435 ms], Date & Time ==> [Fri, 19 May 2023 15:52:18 GMT], Method ==> [POST], Url ==> [/class] 
Status ==> [201], Response Time ==> [24.419 ms], Date & Time ==> [Fri, 19 May 2023 15:53:07 GMT], Method ==> [POST], Url ==> [/class] 
Status ==> [201], Response Time ==> [83.314 ms], Date & Time ==> [Fri, 19 May 2023 15:55:20 GMT], Method ==> [POST], Url ==> [/class] 
Status ==> [201], Response Time ==> [42.104 ms], Date & Time ==> [Fri, 19 May 2023 15:58:20 GMT], Method ==> [POST], Url ==> [/class] 
Status ==> [500], Response Time ==> [77.035 ms], Date & Time ==> [Fri, 19 May 2023 16:02:08 GMT], Method ==> [POST], Url ==> [/class] 
Status ==> [500], Response Time ==> [27.925 ms], Date & Time ==> [Fri, 19 May 2023 16:07:30 GMT], Method ==> [POST], Url ==> [/class] 
Status ==> [200], Response Time ==> [23.303 ms], Date & Time ==> [Fri, 19 May 2023 16:09:34 GMT], Method ==> [GET], Url ==> [/class] 
Status ==> [201], Response Time ==> [92.810 ms], Date & Time ==> [Fri, 19 May 2023 16:09:42 GMT], Method ==> [POST], Url ==> [/class] 
Status ==> [200], Response Time ==> [5.763 ms], Date & Time ==> [Fri, 19 May 2023 16:09:48 GMT], Method ==> [GET], Url ==> [/class] 
Status ==> [201], Response Time ==> [267.106 ms], Date & Time ==> [Fri, 19 May 2023 16:11:28 GMT], Method ==> [POST], Url ==> [/class] 
Status ==> [200], Response Time ==> [11.581 ms], Date & Time ==> [Fri, 19 May 2023 16:11:32 GMT], Method ==> [GET], Url ==> [/class] 
Status ==> [201], Response Time ==> [241.284 ms], Date & Time ==> [Fri, 19 May 2023 16:21:46 GMT], Method ==> [POST], Url ==> [/class] 
Status ==> [200], Response Time ==> [10.327 ms], Date & Time ==> [Fri, 19 May 2023 16:21:50 GMT], Method ==> [GET], Url ==> [/class] 
Status ==> [201], Response Time ==> [30.063 ms], Date & Time ==> [Fri, 19 May 2023 16:22:24 GMT], Method ==> [POST], Url ==> [/class] 
Status ==> [200], Response Time ==> [3.695 ms], Date & Time ==> [Fri, 19 May 2023 16:22:26 GMT], Method ==> [GET], Url ==> [/class] 
Status ==> [201], Response Time ==> [25.151 ms], Date & Time ==> [Fri, 19 May 2023 16:22:37 GMT], Method ==> [POST], Url ==> [/class] 
Status ==> [201], Response Time ==> [34.986 ms], Date & Time ==> [Fri, 19 May 2023 16:22:43 GMT], Method ==> [POST], Url ==> [/class] 
Status ==> [200], Response Time ==> [6.934 ms], Date & Time ==> [Fri, 19 May 2023 16:22:46 GMT], Method ==> [GET], Url ==> [/class] 
Status ==> [500], Response Time ==> [4.911 ms], Date & Time ==> [Fri, 19 May 2023 16:23:13 GMT], Method ==> [PUT], Url ==> [/class] 
Status ==> [200], Response Time ==> [41.102 ms], Date & Time ==> [Fri, 19 May 2023 16:24:02 GMT], Method ==> [PUT], Url ==> [/class] 
Status ==> [200], Response Time ==> [14.440 ms], Date & Time ==> [Fri, 19 May 2023 16:24:06 GMT], Method ==> [GET], Url ==> [/class] 
Status ==> [200], Response Time ==> [33.534 ms], Date & Time ==> [Fri, 19 May 2023 16:25:14 GMT], Method ==> [DELETE], Url ==> [/class] 
Status ==> [200], Response Time ==> [15.096 ms], Date & Time ==> [Fri, 19 May 2023 16:25:19 GMT], Method ==> [GET], Url ==> [/class] 
Status ==> [200], Response Time ==> [13.990 ms], Date & Time ==> [Fri, 19 May 2023 16:25:30 GMT], Method ==> [DELETE], Url ==> [/class] 
Status ==> [200], Response Time ==> [5.500 ms], Date & Time ==> [Fri, 19 May 2023 16:25:33 GMT], Method ==> [GET], Url ==> [/class] 
Status ==> [200], Response Time ==> [6.387 ms], Date & Time ==> [Fri, 19 May 2023 16:28:41 GMT], Method ==> [GET], Url ==> [/class/teacher/8] 
Status ==> [200], Response Time ==> [1.453 ms], Date & Time ==> [Fri, 19 May 2023 16:28:44 GMT], Method ==> [GET], Url ==> [/class/child/5] 
Status ==> [200], Response Time ==> [33.855 ms], Date & Time ==> [Fri, 19 May 2023 16:31:15 GMT], Method ==> [GET], Url ==> [/class/1] 
Status ==> [200], Response Time ==> [6.227 ms], Date & Time ==> [Fri, 19 May 2023 16:31:20 GMT], Method ==> [GET], Url ==> [/class/2] 
Status ==> [200], Response Time ==> [23.989 ms], Date & Time ==> [Fri, 19 May 2023 16:31:42 GMT], Method ==> [GET], Url ==> [/class/2] 
Status ==> [200], Response Time ==> [7.461 ms], Date & Time ==> [Fri, 19 May 2023 16:31:46 GMT], Method ==> [GET], Url ==> [/class/4] 
Status ==> [500], Response Time ==> [18.002 ms], Date & Time ==> [Fri, 19 May 2023 16:32:27 GMT], Method ==> [GET], Url ==> [/class/5] 
Status ==> [200], Response Time ==> [14.320 ms], Date & Time ==> [Fri, 19 May 2023 16:33:04 GMT], Method ==> [GET], Url ==> [/class/4] 
Status ==> [500], Response Time ==> [37.648 ms], Date & Time ==> [Fri, 19 May 2023 16:48:00 GMT], Method ==> [GET], Url ==> [/teachers/supervisors] 
Status ==> [500], Response Time ==> [24.332 ms], Date & Time ==> [Fri, 19 May 2023 16:51:34 GMT], Method ==> [GET], Url ==> [/teachers/supervisors] 
Status ==> [200], Response Time ==> [38.765 ms], Date & Time ==> [Fri, 19 May 2023 16:51:50 GMT], Method ==> [GET], Url ==> [/teachers/supervisors] 
Status ==> [200], Response Time ==> [20.975 ms], Date & Time ==> [Fri, 19 May 2023 16:53:04 GMT], Method ==> [GET], Url ==> [/teachers/supervisors] 
Status ==> [500], Response Time ==> [36.065 ms], Date & Time ==> [Fri, 19 May 2023 16:53:57 GMT], Method ==> [GET], Url ==> [/teachers/supervisors] 
Status ==> [200], Response Time ==> [49.218 ms], Date & Time ==> [Fri, 19 May 2023 16:56:14 GMT], Method ==> [GET], Url ==> [/teachers/supervisors] 
Status ==> [500], Response Time ==> [9.524 ms], Date & Time ==> [Fri, 19 May 2023 16:57:13 GMT], Method ==> [GET], Url ==> [/teachers/supervisors] 
Status ==> [500], Response Time ==> [7.660 ms], Date & Time ==> [Fri, 19 May 2023 16:57:27 GMT], Method ==> [GET], Url ==> [/teachers/supervisors] 
Status ==> [200], Response Time ==> [47.353 ms], Date & Time ==> [Fri, 19 May 2023 16:57:57 GMT], Method ==> [GET], Url ==> [/teachers/supervisors] 
Status ==> [200], Response Time ==> [41.335 ms], Date & Time ==> [Fri, 19 May 2023 16:58:26 GMT], Method ==> [GET], Url ==> [/teachers/supervisors] 
Status ==> [200], Response Time ==> [24.969 ms], Date & Time ==> [Fri, 19 May 2023 17:04:43 GMT], Method ==> [GET], Url ==> [/child/class/1] 
Status ==> [200], Response Time ==> [24.019 ms], Date & Time ==> [Fri, 19 May 2023 17:06:08 GMT], Method ==> [GET], Url ==> [/child/class/1] 
Status ==> [200], Response Time ==> [30.380 ms], Date & Time ==> [Fri, 19 May 2023 17:06:29 GMT], Method ==> [GET], Url ==> [/child/class/1] 
Status ==> [200], Response Time ==> [29.856 ms], Date & Time ==> [Fri, 19 May 2023 17:07:48 GMT], Method ==> [GET], Url ==> [/child/class/1] 
Status ==> [500], Response Time ==> [26.808 ms], Date & Time ==> [Fri, 19 May 2023 17:14:39 GMT], Method ==> [GET], Url ==> [/child/class/1] 
Status ==> [200], Response Time ==> [25.954 ms], Date & Time ==> [Fri, 19 May 2023 17:18:11 GMT], Method ==> [GET], Url ==> [/child/class/1] 
Status ==> [200], Response Time ==> [18.729 ms], Date & Time ==> [Fri, 19 May 2023 17:24:02 GMT], Method ==> [GET], Url ==> [/child/class/1] 
Status ==> [500], Response Time ==> [38.989 ms], Date & Time ==> [Fri, 19 May 2023 17:33:58 GMT], Method ==> [GET], Url ==> [/class/teacher/1] 
Status ==> [200], Response Time ==> [26.139 ms], Date & Time ==> [Fri, 19 May 2023 17:34:56 GMT], Method ==> [GET], Url ==> [/class/teacher/1] 
Status ==> [200], Response Time ==> [28.120 ms], Date & Time ==> [Fri, 19 May 2023 17:35:17 GMT], Method ==> [GET], Url ==> [/class/teacher/1] 
Status ==> [500], Response Time ==> [25.359 ms], Date & Time ==> [Fri, 19 May 2023 17:36:30 GMT], Method ==> [GET], Url ==> [/class/teacher/1] 
Status ==> [200], Response Time ==> [33.157 ms], Date & Time ==> [Fri, 19 May 2023 17:36:49 GMT], Method ==> [GET], Url ==> [/class/teacher/1] 
Status ==> [500], Response Time ==> [8.261 ms], Date & Time ==> [Fri, 19 May 2023 17:39:03 GMT], Method ==> [GET], Url ==> [/class/teacher/1] 
Status ==> [500], Response Time ==> [8.033 ms], Date & Time ==> [Fri, 19 May 2023 17:40:08 GMT], Method ==> [GET], Url ==> [/class/teacher/1] 
Status ==> [500], Response Time ==> [1.975 ms], Date & Time ==> [Fri, 19 May 2023 17:40:10 GMT], Method ==> [GET], Url ==> [/class/teacher/1] 
Status ==> [200], Response Time ==> [33.151 ms], Date & Time ==> [Fri, 19 May 2023 17:42:14 GMT], Method ==> [GET], Url ==> [/class/teacher/1] 
Status ==> [200], Response Time ==> [37.680 ms], Date & Time ==> [Fri, 19 May 2023 17:43:16 GMT], Method ==> [GET], Url ==> [/class/teacher/1] 
Status ==> [200], Response Time ==> [10.877 ms], Date & Time ==> [Fri, 19 May 2023 17:43:37 GMT], Method ==> [GET], Url ==> [/class/teacher/2] 
Status ==> [200], Response Time ==> [2.767 ms], Date & Time ==> [Fri, 19 May 2023 17:43:46 GMT], Method ==> [GET], Url ==> [/class/teacher/3] 
Status ==> [200], Response Time ==> [18.887 ms], Date & Time ==> [Fri, 19 May 2023 17:44:28 GMT], Method ==> [GET], Url ==> [/class/teacher/3] 
Status ==> [200], Response Time ==> [8.199 ms], Date & Time ==> [Fri, 19 May 2023 17:44:33 GMT], Method ==> [GET], Url ==> [/class/teacher/1] 
Status ==> [200], Response Time ==> [7.067 ms], Date & Time ==> [Fri, 19 May 2023 17:44:59 GMT], Method ==> [GET], Url ==> [/class/teacher/3] 
Status ==> [500], Response Time ==> [29.172 ms], Date & Time ==> [Fri, 19 May 2023 17:45:23 GMT], Method ==> [GET], Url ==> [/class/teacher/3] 
Status ==> [500], Response Time ==> [21.085 ms], Date & Time ==> [Fri, 19 May 2023 17:46:15 GMT], Method ==> [GET], Url ==> [/class/teacher/3] 
Status ==> [200], Response Time ==> [19.868 ms], Date & Time ==> [Fri, 19 May 2023 17:46:19 GMT], Method ==> [GET], Url ==> [/class/teacher/1] 
Status ==> [500], Response Time ==> [17.683 ms], Date & Time ==> [Fri, 19 May 2023 17:51:13 GMT], Method ==> [GET], Url ==> [/class/child/4] 
Status ==> [500], Response Time ==> [16.775 ms], Date & Time ==> [Fri, 19 May 2023 17:51:56 GMT], Method ==> [GET], Url ==> [/class/child/4] 
Status ==> [200], Response Time ==> [33.421 ms], Date & Time ==> [Fri, 19 May 2023 17:52:12 GMT], Method ==> [GET], Url ==> [/class/child/4] 
Status ==> [500], Response Time ==> [43.825 ms], Date & Time ==> [Fri, 19 May 2023 17:53:19 GMT], Method ==> [GET], Url ==> [/class/child/4] 
Status ==> [200], Response Time ==> [58.764 ms], Date & Time ==> [Fri, 19 May 2023 17:53:39 GMT], Method ==> [GET], Url ==> [/class/child/4] 
Status ==> [200], Response Time ==> [42.035 ms], Date & Time ==> [Fri, 19 May 2023 17:54:29 GMT], Method ==> [GET], Url ==> [/class/child/4] 
Status ==> [200], Response Time ==> [56.515 ms], Date & Time ==> [Fri, 19 May 2023 17:55:10 GMT], Method ==> [GET], Url ==> [/class/child/4] 
Status ==> [200], Response Time ==> [26.787 ms], Date & Time ==> [Fri, 19 May 2023 17:55:23 GMT], Method ==> [GET], Url ==> [/class/child/1] 
Status ==> [500], Response Time ==> [4.794 ms], Date & Time ==> [Fri, 19 May 2023 17:55:31 GMT], Method ==> [GET], Url ==> [/class/child/5] 
Status ==> [200], Response Time ==> [14.701 ms], Date & Time ==> [Fri, 19 May 2023 18:01:36 GMT], Method ==> [GET], Url ==> [/teachers/supervisors] 
Status ==> [200], Response Time ==> [3.583 ms], Date & Time ==> [Fri, 19 May 2023 18:01:54 GMT], Method ==> [GET], Url ==> [/child/class/1] 
Status ==> [500], Response Time ==> [28.237 ms], Date & Time ==> [Fri, 19 May 2023 18:22:39 GMT], Method ==> [GET], Url ==> [/child/class/1] 
Status ==> [500], Response Time ==> [6.615 ms], Date & Time ==> [Fri, 19 May 2023 18:30:19 GMT], Method ==> [GET], Url ==> [/child/class/1] 
Status ==> [500], Response Time ==> [1.429 ms], Date & Time ==> [Fri, 19 May 2023 18:30:40 GMT], Method ==> [GET], Url ==> [/child/class/1] 
Status ==> [500], Response Time ==> [29.253 ms], Date & Time ==> [Fri, 19 May 2023 18:31:37 GMT], Method ==> [GET], Url ==> [/child/class/1] 
Status ==> [404], Response Time ==> [36.440 ms], Date & Time ==> [Fri, 19 May 2023 18:32:57 GMT], Method ==> [GET], Url ==> [/child/class/1] 
Status ==> [404], Response Time ==> [9.077 ms], Date & Time ==> [Fri, 19 May 2023 18:33:03 GMT], Method ==> [GET], Url ==> [/child/class/2] 
Status ==> [404], Response Time ==> [3.434 ms], Date & Time ==> [Fri, 19 May 2023 18:33:08 GMT], Method ==> [GET], Url ==> [/child/class/50] 
Status ==> [200], Response Time ==> [289.767 ms], Date & Time ==> [Fri, 19 May 2023 18:33:42 GMT], Method ==> [POST], Url ==> [/child] 
Status ==> [404], Response Time ==> [2.614 ms], Date & Time ==> [Fri, 19 May 2023 18:33:52 GMT], Method ==> [GET], Url ==> [/child/class/50] 
Status ==> [404], Response Time ==> [5.768 ms], Date & Time ==> [Fri, 19 May 2023 18:34:03 GMT], Method ==> [GET], Url ==> [/child/class/4] 
Status ==> [200], Response Time ==> [6.652 ms], Date & Time ==> [Fri, 19 May 2023 18:34:17 GMT], Method ==> [DELETE], Url ==> [/child] 
Status ==> [200], Response Time ==> [13.154 ms], Date & Time ==> [Fri, 19 May 2023 18:34:23 GMT], Method ==> [GET], Url ==> [/child] 
Status ==> [200], Response Time ==> [32.559 ms], Date & Time ==> [Sat, 20 May 2023 12:04:10 GMT], Method ==> [GET], Url ==> [/teachers] 
Status ==> [200], Response Time ==> [336.728 ms], Date & Time ==> [Sat, 20 May 2023 12:04:37 GMT], Method ==> [POST], Url ==> [/teachers] 
Status ==> [200], Response Time ==> [3.965 ms], Date & Time ==> [Sat, 20 May 2023 12:05:27 GMT], Method ==> [POST], Url ==> [/teachers] 
Status ==> [200], Response Time ==> [9.457 ms], Date & Time ==> [Sat, 20 May 2023 12:05:32 GMT], Method ==> [GET], Url ==> [/teachers] 
Status ==> [200], Response Time ==> [4.273 ms], Date & Time ==> [Sat, 20 May 2023 12:08:05 GMT], Method ==> [GET], Url ==> [/teachers] 
Status ==> [200], Response Time ==> [11.472 ms], Date & Time ==> [Sat, 20 May 2023 12:08:16 GMT], Method ==> [POST], Url ==> [/teachers] 
Status ==> [200], Response Time ==> [4.786 ms], Date & Time ==> [Sat, 20 May 2023 12:08:37 GMT], Method ==> [POST], Url ==> [/teachers] 
Status ==> [200], Response Time ==> [4.672 ms], Date & Time ==> [Sat, 20 May 2023 12:08:55 GMT], Method ==> [POST], Url ==> [/teachers] 
Status ==> [200], Response Time ==> [6.756 ms], Date & Time ==> [Sat, 20 May 2023 12:09:16 GMT], Method ==> [POST], Url ==> [/teachers] 
Status ==> [200], Response Time ==> [3.755 ms], Date & Time ==> [Sat, 20 May 2023 12:09:19 GMT], Method ==> [GET], Url ==> [/teachers] 
Status ==> [500], Response Time ==> [15.531 ms], Date & Time ==> [Sat, 20 May 2023 12:09:29 GMT], Method ==> [GET], Url ==> [/teachers/5] 
Status ==> [200], Response Time ==> [3.042 ms], Date & Time ==> [Sat, 20 May 2023 12:09:37 GMT], Method ==> [GET], Url ==> [/teachers/1] 
Status ==> [200], Response Time ==> [4.205 ms], Date & Time ==> [Sat, 20 May 2023 12:09:41 GMT], Method ==> [GET], Url ==> [/teachers/2] 
Status ==> [201], Response Time ==> [9.442 ms], Date & Time ==> [Sat, 20 May 2023 12:09:57 GMT], Method ==> [PUT], Url ==> [/teachers] 
Status ==> [200], Response Time ==> [2.929 ms], Date & Time ==> [Sat, 20 May 2023 12:10:10 GMT], Method ==> [GET], Url ==> [/teachers/1] 
Status ==> [200], Response Time ==> [8.830 ms], Date & Time ==> [Sat, 20 May 2023 12:10:35 GMT], Method ==> [POST], Url ==> [/teachers] 
Status ==> [200], Response Time ==> [4.100 ms], Date & Time ==> [Sat, 20 May 2023 12:10:43 GMT], Method ==> [DELETE], Url ==> [/teachers] 
Status ==> [200], Response Time ==> [20.873 ms], Date & Time ==> [Sat, 20 May 2023 12:10:58 GMT], Method ==> [GET], Url ==> [/teachers/supervisors] 
Status ==> [200], Response Time ==> [7.908 ms], Date & Time ==> [Sat, 20 May 2023 12:11:42 GMT], Method ==> [GET], Url ==> [/teachers/supervisors] 
Status ==> [200], Response Time ==> [5.134 ms], Date & Time ==> [Sat, 20 May 2023 12:12:13 GMT], Method ==> [GET], Url ==> [/class] 
Status ==> [200], Response Time ==> [6.238 ms], Date & Time ==> [Sat, 20 May 2023 12:12:23 GMT], Method ==> [GET], Url ==> [/child] 
Status ==> [200], Response Time ==> [3.730 ms], Date & Time ==> [Sat, 20 May 2023 12:16:00 GMT], Method ==> [GET], Url ==> [/child] 
Status ==> [200], Response Time ==> [8.473 ms], Date & Time ==> [Sat, 20 May 2023 12:16:30 GMT], Method ==> [POST], Url ==> [/child] 
Status ==> [200], Response Time ==> [3.032 ms], Date & Time ==> [Sat, 20 May 2023 12:16:37 GMT], Method ==> [GET], Url ==> [/child] 
Status ==> [200], Response Time ==> [8.542 ms], Date & Time ==> [Sat, 20 May 2023 12:17:18 GMT], Method ==> [POST], Url ==> [/child] 
Status ==> [200], Response Time ==> [5.125 ms], Date & Time ==> [Sat, 20 May 2023 12:17:43 GMT], Method ==> [GET], Url ==> [/child] 
Status ==> [200], Response Time ==> [5.472 ms], Date & Time ==> [Sat, 20 May 2023 12:18:19 GMT], Method ==> [POST], Url ==> [/child] 
Status ==> [200], Response Time ==> [4.232 ms], Date & Time ==> [Sat, 20 May 2023 12:18:44 GMT], Method ==> [POST], Url ==> [/child] 
Status ==> [200], Response Time ==> [6.357 ms], Date & Time ==> [Sat, 20 May 2023 12:19:46 GMT], Method ==> [POST], Url ==> [/child] 
Status ==> [200], Response Time ==> [6.871 ms], Date & Time ==> [Sat, 20 May 2023 12:20:01 GMT], Method ==> [POST], Url ==> [/child] 
Status ==> [200], Response Time ==> [6.117 ms], Date & Time ==> [Sat, 20 May 2023 12:20:33 GMT], Method ==> [GET], Url ==> [/child] 
Status ==> [200], Response Time ==> [5.269 ms], Date & Time ==> [Sat, 20 May 2023 12:21:01 GMT], Method ==> [DELETE], Url ==> [/child] 
Status ==> [200], Response Time ==> [7.459 ms], Date & Time ==> [Sat, 20 May 2023 12:21:07 GMT], Method ==> [GET], Url ==> [/child] 
Status ==> [200], Response Time ==> [3.382 ms], Date & Time ==> [Sat, 20 May 2023 12:21:14 GMT], Method ==> [POST], Url ==> [/child] 
Status ==> [200], Response Time ==> [6.557 ms], Date & Time ==> [Sat, 20 May 2023 12:21:19 GMT], Method ==> [GET], Url ==> [/child] 
Status ==> [200], Response Time ==> [3.602 ms], Date & Time ==> [Sat, 20 May 2023 12:21:52 GMT], Method ==> [PUT], Url ==> [/child] 
Status ==> [200], Response Time ==> [3.426 ms], Date & Time ==> [Sat, 20 May 2023 12:21:58 GMT], Method ==> [GET], Url ==> [/child] 
Status ==> [200], Response Time ==> [3.869 ms], Date & Time ==> [Sat, 20 May 2023 12:22:13 GMT], Method ==> [GET], Url ==> [/child/1] 
Status ==> [200], Response Time ==> [2.980 ms], Date & Time ==> [Sat, 20 May 2023 12:22:20 GMT], Method ==> [GET], Url ==> [/child/5] 
Status ==> [200], Response Time ==> [3.095 ms], Date & Time ==> [Sat, 20 May 2023 12:22:30 GMT], Method ==> [GET], Url ==> [/child/8] 
Status ==> [500], Response Time ==> [12.443 ms], Date & Time ==> [Sat, 20 May 2023 12:22:43 GMT], Method ==> [GET], Url ==> [/child/class/1] 
Status ==> [200], Response Time ==> [2.899 ms], Date & Time ==> [Sat, 20 May 2023 12:23:12 GMT], Method ==> [GET], Url ==> [/class] 
Status ==> [200], Response Time ==> [2.429 ms], Date & Time ==> [Sat, 20 May 2023 12:23:25 GMT], Method ==> [GET], Url ==> [/class/1] 
Status ==> [200], Response Time ==> [41.680 ms], Date & Time ==> [Sat, 20 May 2023 12:24:28 GMT], Method ==> [GET], Url ==> [/class/1] 
Status ==> [201], Response Time ==> [252.665 ms], Date & Time ==> [Sat, 20 May 2023 12:24:52 GMT], Method ==> [POST], Url ==> [/class] 
Status ==> [200], Response Time ==> [6.341 ms], Date & Time ==> [Sat, 20 May 2023 12:24:57 GMT], Method ==> [GET], Url ==> [/class] 
Status ==> [200], Response Time ==> [12.884 ms], Date & Time ==> [Sat, 20 May 2023 12:25:18 GMT], Method ==> [PUT], Url ==> [/class] 
Status ==> [200], Response Time ==> [3.677 ms], Date & Time ==> [Sat, 20 May 2023 12:25:23 GMT], Method ==> [GET], Url ==> [/class] 
Status ==> [200], Response Time ==> [3.673 ms], Date & Time ==> [Sat, 20 May 2023 12:25:35 GMT], Method ==> [DELETE], Url ==> [/class] 
Status ==> [200], Response Time ==> [4.226 ms], Date & Time ==> [Sat, 20 May 2023 12:25:39 GMT], Method ==> [GET], Url ==> [/class] 
Status ==> [200], Response Time ==> [11.185 ms], Date & Time ==> [Sat, 20 May 2023 12:25:56 GMT], Method ==> [GET], Url ==> [/class/child/1] 
Status ==> [200], Response Time ==> [8.770 ms], Date & Time ==> [Sat, 20 May 2023 12:26:14 GMT], Method ==> [GET], Url ==> [/class/teacher/1] 
Status ==> [200], Response Time ==> [40.235 ms], Date & Time ==> [Sat, 20 May 2023 12:26:52 GMT], Method ==> [GET], Url ==> [/class/teacher/1] 
Status ==> [200], Response Time ==> [9.820 ms], Date & Time ==> [Sat, 20 May 2023 12:27:07 GMT], Method ==> [GET], Url ==> [/class/teacher/2] 
Status ==> [200], Response Time ==> [9.416 ms], Date & Time ==> [Sat, 20 May 2023 12:27:13 GMT], Method ==> [GET], Url ==> [/class/teacher/3] 
Status ==> [200], Response Time ==> [6.048 ms], Date & Time ==> [Sat, 20 May 2023 12:27:21 GMT], Method ==> [GET], Url ==> [/teachers] 
Status ==> [200], Response Time ==> [6.530 ms], Date & Time ==> [Sat, 20 May 2023 12:27:29 GMT], Method ==> [GET], Url ==> [/class] 
Status ==> [200], Response Time ==> [12.642 ms], Date & Time ==> [Sat, 20 May 2023 12:27:40 GMT], Method ==> [GET], Url ==> [/teachers] 
Status ==> [200], Response Time ==> [23.010 ms], Date & Time ==> [Sat, 20 May 2023 12:27:48 GMT], Method ==> [DELETE], Url ==> [/teachers] 
Status ==> [200], Response Time ==> [3.331 ms], Date & Time ==> [Sat, 20 May 2023 12:27:52 GMT], Method ==> [GET], Url ==> [/teachers] 
Status ==> [200], Response Time ==> [10.219 ms], Date & Time ==> [Sat, 20 May 2023 12:28:02 GMT], Method ==> [GET], Url ==> [/class/teacher/3] 
Status ==> [200], Response Time ==> [9.006 ms], Date & Time ==> [Sat, 20 May 2023 12:28:07 GMT], Method ==> [GET], Url ==> [/class/teacher/1] 
Status ==> [500], Response Time ==> [205.725 ms], Date & Time ==> [Sat, 20 May 2023 13:03:43 GMT], Method ==> [POST], Url ==> [/child] 
Status ==> [200], Response Time ==> [60.314 ms], Date & Time ==> [Sat, 20 May 2023 13:04:46 GMT], Method ==> [POST], Url ==> [/child] 
Status ==> [200], Response Time ==> [37.572 ms], Date & Time ==> [Sat, 20 May 2023 13:06:08 GMT], Method ==> [GET], Url ==> [/class/child/1] 
Status ==> [404], Response Time ==> [4.649 ms], Date & Time ==> [Sat, 20 May 2023 13:06:39 GMT], Method ==> [GET], Url ==> [/child/class/1] 
Status ==> [200], Response Time ==> [26.335 ms], Date & Time ==> [Sat, 20 May 2023 13:07:55 GMT], Method ==> [GET], Url ==> [/child/class/1] 
Status ==> [200], Response Time ==> [11.699 ms], Date & Time ==> [Sat, 20 May 2023 13:08:11 GMT], Method ==> [GET], Url ==> [/child/class/10] 
Status ==> [500], Response Time ==> [7.709 ms], Date & Time ==> [Sat, 20 May 2023 13:09:28 GMT], Method ==> [GET], Url ==> [/child/class/10] 
Status ==> [500], Response Time ==> [11.314 ms], Date & Time ==> [Sat, 20 May 2023 13:09:59 GMT], Method ==> [GET], Url ==> [/child/class/10] 
Status ==> [500], Response Time ==> [3.177 ms], Date & Time ==> [Sat, 20 May 2023 13:10:39 GMT], Method ==> [GET], Url ==> [/child/class/10] 
Status ==> [200], Response Time ==> [47.872 ms], Date & Time ==> [Sat, 20 May 2023 13:11:38 GMT], Method ==> [GET], Url ==> [/child/class/10] 
Status ==> [500], Response Time ==> [8.916 ms], Date & Time ==> [Sat, 20 May 2023 13:13:25 GMT], Method ==> [GET], Url ==> [/child/class/10] 
Status ==> [500], Response Time ==> [37.468 ms], Date & Time ==> [Sat, 20 May 2023 13:13:54 GMT], Method ==> [GET], Url ==> [/child/class/10] 
Status ==> [200], Response Time ==> [46.061 ms], Date & Time ==> [Sat, 20 May 2023 13:15:52 GMT], Method ==> [GET], Url ==> [/child/class/9] 
Status ==> [200], Response Time ==> [6.630 ms], Date & Time ==> [Sat, 20 May 2023 13:20:16 GMT], Method ==> [GET], Url ==> [/child/class/1] 
Status ==> [200], Response Time ==> [8.480 ms], Date & Time ==> [Sat, 20 May 2023 13:21:43 GMT], Method ==> [GET], Url ==> [/child/1] 
Status ==> [200], Response Time ==> [234.443 ms], Date & Time ==> [Sat, 20 May 2023 13:58:56 GMT], Method ==> [DELETE], Url ==> [/child] 
Status ==> [200], Response Time ==> [11.209 ms], Date & Time ==> [Sat, 20 May 2023 13:59:02 GMT], Method ==> [GET], Url ==> [/child] 
Status ==> [200], Response Time ==> [25.861 ms], Date & Time ==> [Sat, 20 May 2023 14:15:45 GMT], Method ==> [GET], Url ==> [/teachers] 
Status ==> [200], Response Time ==> [11.548 ms], Date & Time ==> [Sat, 20 May 2023 14:16:04 GMT], Method ==> [GET], Url ==> [/class] 
Status ==> [200], Response Time ==> [73.820 ms], Date & Time ==> [Mon, 22 May 2023 13:59:05 GMT], Method ==> [GET], Url ==> [/class] 
Status ==> [200], Response Time ==> [26.692 ms], Date & Time ==> [Mon, 22 May 2023 14:00:15 GMT], Method ==> [GET], Url ==> [/teachers] 
Status ==> [201], Response Time ==> [371.557 ms], Date & Time ==> [Mon, 22 May 2023 15:01:14 GMT], Method ==> [POST], Url ==> [/class] 
Status ==> [200], Response Time ==> [129.904 ms], Date & Time ==> [Mon, 22 May 2023 15:51:50 GMT], Method ==> [GET], Url ==> [/child/class/1] 
