GET /teachers 200 173 - 5.768 ms
POST /teachers 201 24 - 300.824 ms
GET /teachers/99 200 20 - 0.868 ms
PUT /teachers 200 26 - 1.131 ms
DELETE /teachers 200 26 - 8.173 ms
GET /teachers/supervisors 200 118 - 0.868 ms
GET /child 200 297 - 1.137 ms
GET /child/8 200 19 - 0.800 ms
GET /child/class/5 200 21 - 0.703 ms
POST /child 201 22 - 0.628 ms
PUT /child 200 24 - 0.877 ms
DELETE /child 200 24 - 0.680 ms
GET /class 200 75 - 0.874 ms
GET /class/5 200 19 - 1.240 ms
POST /class 201 22 - 1.768 ms
PUT /class 201 24 - 0.610 ms
DELETE /class 201 24 - 0.952 ms
GET /class/child/5 200 24 - 0.874 ms
GET /class/teacher/8 200 26 - 0.594 ms
GET /teachers 200 173 - 6.224 ms
GET /child 200 297 - 1.679 ms
GET /class 200 75 - 1.100 ms
GET /teachers 200 2 - 18.900 ms
POST /teachers 201 24 - 325.226 ms
GET /teachers 200 2 - 12.123 ms
POST /teachers 201 24 - 18.786 ms
POST /teachers 200 111 - 48.916 ms
GET /class 200 75 - 1.109 ms
GET /teachers 200 74 - 23.188 ms
PUT /teachers 200 136 - 222.841 ms
GET /teachers 200 74 - 11.287 ms
PUT /teachers 200 136 - 11.434 ms
GET /teachers 200 71 - 2.822 ms
GET /teachers 200 71 - 30.805 ms
PUT /teachers 201 136 - 24.771 ms
PUT /teachers 201 33 - 30.950 ms
PUT /teachers 201 12 - 34.022 ms
PUT /teachers 201 28 - 38.435 ms
GET /teachers 200 74 - 8.652 ms
GET /teachers/1 200 72 - 30.501 ms
GET /teachers/2 200 4 - 8.522 ms
GET /teachers/2 - - - - ms
GET /teachers/1 - - - - ms
GET /teachers 200 74 - 19.978 ms
GET /teachers 200 74 - 21.514 ms
POST /teachers 200 115 - 31.227 ms
GET /teachers 200 150 - 5.234 ms
GET /teachers 200 150 - 11.694 ms
POST /teachers 200 115 - 30.498 ms
GET /teachers/1 200 72 - 33.212 ms
GET /teachers/2 200 75 - 4.538 ms
GET /teachers/3 200 75 - 6.478 ms
GET /teachers/4 500 345 - 7.736 ms
GET /teachers/4 500 345 - 15.435 ms
GET /teachers/4 500 338 - 16.290 ms
GET /teachers/4 500 338 - 15.094 ms
GET /teachers/1 200 72 - 11.618 ms
GET /teachers/5 500 338 - 3.216 ms
DELETE /teachers 200 3 - 35.539 ms
GET /teachers 200 150 - 23.918 ms
DELETE /teachers 200 3 - 3.548 ms
POST /teachers 500 1294 - 58.761 ms
GET /teachers 200 150 - 15.433 ms
DELETE /teachers 200 3 - 5.890 ms
GET /teachers 200 74 - 5.180 ms
POST /teachers 200 115 - 5.558 ms
GET /teachers 200 150 - 10.769 ms
GET /teachers/supervisors 200 118 - 5.499 ms
GET /child 200 2 - 36.665 ms
POST /child 500 1293 - 310.176 ms
POST /child 200 172 - 58.469 ms
GET /child 200 128 - 20.320 ms
POST /child 200 168 - 7.334 ms
GET /child 200 253 - 8.122 ms
POST /child 200 170 - 5.035 ms
GET /child 200 380 - 7.215 ms
GET /child/1 200 126 - 23.046 ms
GET /child/2 200 124 - 7.938 ms
GET /child/5 500 336 - 17.049 ms
PUT /child 200 135 - 217.813 ms
PUT /child 500 342 - 41.970 ms
PUT /child 500 342 - 31.983 ms
PUT /child 500 342 - 34.777 ms
PUT /child 500 342 - 5.034 ms
PUT /child 500 342 - 6.370 ms
PUT /child 200 29 - 38.279 ms
PUT /child 200 29 - 7.139 ms
GET /child 200 381 - 13.794 ms
PUT /child 200 29 - 3.261 ms
GET /child 200 380 - 10.874 ms
GET /child/3 200 126 - 5.216 ms
DELETE /child 200 28 - 36.252 ms
GET /child 200 253 - 24.146 ms
DELETE /child 200 28 - 4.185 ms
GET /child 200 253 - 11.434 ms
DELETE /child 200 48 - 34.960 ms
DELETE /child 500 334 - 45.851 ms
POST /child 200 170 - 23.992 ms
GET /child 200 380 - 13.090 ms
DELETE /child 200 48 - 2.911 ms
POST /child 200 170 - 49.415 ms
DELETE /child 200 28 - 16.270 ms
DELETE /child 500 334 - 10.303 ms
POST /child 200 170 - 7.409 ms
GET /child 200 380 - 11.081 ms
DELETE /child 500 334 - 6.440 ms
GET /child 200 380 - 8.814 ms
POST /class 500 342 - 235.348 ms
POST /class 500 342 - 68.299 ms
POST /class 201 22 - 45.638 ms
GET /class 200 75 - 0.906 ms
POST /class 201 22 - 216.435 ms
POST /class 201 22 - 24.419 ms
POST /class 201 22 - 83.314 ms
POST /class 201 22 - 42.104 ms
POST /class 500 356 - 77.035 ms
POST /class 500 356 - 27.925 ms
GET /class 200 2 - 23.303 ms
POST /class 201 22 - 92.810 ms
GET /class 200 74 - 5.763 ms
POST /class 201 22 - 267.106 ms
GET /class 200 152 - 11.581 ms
POST /class 201 22 - 241.284 ms
GET /class 200 227 - 10.327 ms
POST /class 201 22 - 30.063 ms
GET /class 200 298 - 3.695 ms
POST /class 201 22 - 25.151 ms
POST /class 201 22 - 34.986 ms
GET /class 200 440 - 6.934 ms
PUT /class 500 1275 - 4.911 ms
PUT /class 200 24 - 41.102 ms
GET /class 200 445 - 14.440 ms
DELETE /class 200 24 - 33.534 ms
GET /class 200 374 - 15.096 ms
DELETE /class 200 24 - 13.990 ms
GET /class 200 298 - 5.500 ms
GET /class/teacher/8 200 26 - 6.387 ms
GET /class/child/5 200 24 - 1.453 ms
GET /class/1 200 81 - 33.855 ms
GET /class/2 200 86 - 6.227 ms
GET /class/2 200 86 - 23.989 ms
GET /class/4 200 79 - 7.461 ms
GET /class/5 500 338 - 18.002 ms
GET /class/4 200 79 - 14.320 ms
GET /teachers/supervisors 500 1381 - 37.648 ms
GET /teachers/supervisors 500 1202 - 24.332 ms
GET /teachers/supervisors 200 298 - 38.765 ms
GET /teachers/supervisors 200 101 - 20.975 ms
GET /teachers/supervisors 500 1381 - 36.065 ms
GET /teachers/supervisors 200 391 - 49.218 ms
GET /teachers/supervisors 500 1298 - 9.524 ms
GET /teachers/supervisors 500 1298 - 7.660 ms
GET /teachers/supervisors 200 203 - 47.353 ms
GET /teachers/supervisors 200 292 - 41.335 ms
GET /child/class/1 200 2 - 24.969 ms
GET /child/class/1 200 2 - 24.019 ms
GET /child/class/1 200 128 - 30.380 ms
GET /child/class/1 200 39 - 29.856 ms
GET /child/class/1 500 1200 - 26.808 ms
GET /child/class/1 200 2 - 25.954 ms
GET /child/class/1 200 4 - 18.729 ms
GET /class/teacher/1 500 1159 - 38.989 ms
GET /class/teacher/1 200 81 - 26.139 ms
GET /class/teacher/1 200 158 - 28.120 ms
GET /class/teacher/1 500 1381 - 25.359 ms
GET /class/teacher/1 200 300 - 33.157 ms
GET /class/teacher/1 500 1314 - 8.261 ms
GET /class/teacher/1 500 1314 - 8.033 ms
GET /class/teacher/1 500 1314 - 1.975 ms
GET /class/teacher/1 200 208 - 33.151 ms
GET /class/teacher/1 200 202 - 37.680 ms
GET /class/teacher/2 200 208 - 10.877 ms
GET /class/teacher/3 200 11 - 2.767 ms
GET /class/teacher/3 200 11 - 18.887 ms
GET /class/teacher/1 200 60 - 8.199 ms
GET /class/teacher/3 200 11 - 7.067 ms
GET /class/teacher/3 500 338 - 29.172 ms
GET /class/teacher/3 500 340 - 21.085 ms
GET /class/teacher/1 200 202 - 19.868 ms
GET /class/child/4 500 376 - 17.683 ms
GET /class/child/4 500 340 - 16.775 ms
GET /class/child/4 200 79 - 33.421 ms
GET /class/child/4 500 1361 - 43.825 ms
GET /class/child/4 200 452 - 58.764 ms
GET /class/child/4 200 410 - 42.035 ms
GET /class/child/4 200 429 - 56.515 ms
GET /class/child/1 200 431 - 26.787 ms
GET /class/child/5 500 338 - 4.794 ms
GET /teachers/supervisors 200 292 - 14.701 ms
GET /child/class/1 200 4 - 3.583 ms
GET /child/class/1 500 1200 - 28.237 ms
GET /child/class/1 500 1276 - 6.615 ms
GET /child/class/1 500 1276 - 1.429 ms
GET /child/class/1 500 1156 - 29.253 ms
GET /child/class/1 404 59 - 36.440 ms
GET /child/class/2 404 59 - 9.077 ms
GET /child/class/50 404 59 - 3.434 ms
POST /child 200 170 - 289.767 ms
GET /child/class/50 404 59 - 2.614 ms
GET /child/class/4 404 59 - 5.768 ms
DELETE /child 200 28 - 6.652 ms
GET /child 200 380 - 13.154 ms
GET /teachers 200 150 - 32.559 ms
POST /teachers 200 115 - 336.728 ms
POST /teachers 200 119 - 3.965 ms
GET /teachers 200 305 - 9.457 ms
GET /teachers 200 2 - 4.273 ms
POST /teachers 200 145 - 11.472 ms
POST /teachers 200 135 - 4.786 ms
POST /teachers 200 140 - 4.672 ms
POST /teachers 200 140 - 6.756 ms
GET /teachers 200 405 - 3.755 ms
GET /teachers/5 500 338 - 15.531 ms
GET /teachers/1 200 104 - 3.042 ms
GET /teachers/2 200 96 - 4.205 ms
PUT /teachers 201 28 - 9.442 ms
GET /teachers/1 200 105 - 2.929 ms
POST /teachers 200 140 - 8.830 ms
DELETE /teachers 200 18 - 4.100 ms
GET /teachers/supervisors 200 294 - 20.873 ms
GET /teachers/supervisors 200 294 - 7.908 ms
GET /class 200 298 - 5.134 ms
GET /child 200 380 - 6.238 ms
GET /child 200 380 - 3.730 ms
POST /child 200 170 - 8.473 ms
GET /child 200 506 - 3.032 ms
POST /child 200 172 - 8.542 ms
GET /child 200 633 - 5.125 ms
POST /child 200 166 - 5.472 ms
POST /child 200 166 - 4.232 ms
POST /child 200 170 - 6.357 ms
POST /child 200 166 - 6.871 ms
GET /child 200 1133 - 6.117 ms
DELETE /child 200 28 - 5.269 ms
GET /child 200 1008 - 7.459 ms
POST /child 200 166 - 3.382 ms
GET /child 200 1133 - 6.557 ms
PUT /child 200 29 - 3.602 ms
GET /child 200 1133 - 3.426 ms
GET /child/1 200 126 - 3.869 ms
GET /child/5 200 126 - 2.980 ms
GET /child/8 200 126 - 3.095 ms
GET /child/class/1 500 1156 - 12.443 ms
GET /class 200 247 - 2.899 ms
GET /class/1 200 87 - 2.429 ms
GET /class/1 200 461 - 41.680 ms
POST /class 201 22 - 252.665 ms
GET /class 200 318 - 6.341 ms
PUT /class 200 24 - 12.884 ms
GET /class 200 314 - 3.677 ms
DELETE /class 200 24 - 3.673 ms
GET /class 200 247 - 4.226 ms
GET /class/child/1 200 438 - 11.185 ms
GET /class/teacher/1 200 139 - 8.770 ms
GET /class/teacher/1 200 166 - 40.235 ms
GET /class/teacher/2 200 162 - 9.820 ms
GET /class/teacher/3 200 165 - 9.416 ms
GET /teachers 200 406 - 6.048 ms
GET /class 200 247 - 6.530 ms
GET /teachers 200 406 - 12.642 ms
DELETE /teachers 200 18 - 23.010 ms
GET /teachers 200 305 - 3.331 ms
GET /class/teacher/3 200 165 - 10.219 ms
GET /class/teacher/1 200 166 - 9.006 ms
POST /child 500 1287 - 205.725 ms
POST /child 200 175 - 60.314 ms
GET /class/child/1 200 572 - 37.572 ms
GET /child/class/1 404 59 - 4.649 ms
GET /child/class/1 200 128 - 26.335 ms
GET /child/class/10 200 215 - 11.699 ms
GET /child/class/10 500 1304 - 7.709 ms
GET /child/class/10 500 1304 - 11.314 ms
GET /child/class/10 500 1304 - 3.177 ms
GET /child/class/10 200 102 - 47.872 ms
GET /child/class/10 500 1286 - 8.916 ms
GET /child/class/10 500 1205 - 37.468 ms
GET /child/class/9 200 126 - 46.061 ms
GET /child/class/1 200 129 - 6.630 ms
GET /child/1 200 136 - 8.480 ms
DELETE /child 200 28 - 234.443 ms
GET /child 200 1223 - 11.209 ms
GET /teachers 200 305 - 25.861 ms
GET /class 200 250 - 11.548 ms
GET /class 200 250 - 73.820 ms
GET /teachers 200 305 - 26.692 ms
POST /class 201 22 - 371.557 ms
GET /child/class/1 200 129 - 129.904 ms
